<?xml version="1.0" encoding="UTF-8"?>
<!-- Generated by org.testng.reporters.JUnitReportReporter -->
<testsuite hostname="LAPTOP-2QP8EQBC" failures="0" tests="1" name="tests.PositiveLoginTest" time="0.198" errors="0" timestamp="2021-11-05T17:06:52 CDT" skipped="0">
  <testcase classname="tests.PositiveLoginTest" name="invalidEmail" time="0.198"/>
</testsuite> <!-- tests.PositiveLoginTest -->
