<?xml version="1.0" encoding="UTF-8"?>
<!-- Generated by org.testng.reporters.JUnitReportReporter -->
<testsuite hostname="LAPTOP-2QP8EQBC" failures="0" tests="2" name="tests.LoginTest" time="2.735" errors="0" timestamp="2021-11-05T16:45:13 CDT" skipped="0">
  <testcase classname="tests.LoginTest" name="invalidPass" time="2.194"/>
  <testcase classname="tests.LoginTest" name="invalidEmail" time="0.541"/>
</testsuite> <!-- tests.LoginTest -->
