<?xml version="1.0" encoding="UTF-8"?>
<!-- Generated by org.testng.reporters.JUnitReportReporter -->
<testsuite hostname="LAPTOP-2QP8EQBC" failures="0" tests="2" name="tests.NegativeLoginTest" time="2.932" errors="0" timestamp="2021-11-05T17:06:52 CDT" skipped="0">
  <testcase classname="tests.NegativeLoginTest" name="invalidPass" time="2.178"/>
  <testcase classname="tests.NegativeLoginTest" name="invalidEmail" time="0.754"/>
</testsuite> <!-- tests.NegativeLoginTest -->
